{"numTotalTestSuites":5,"numPassedTestSuites":5,"numFailedTestSuites":0,"numPendingTestSuites":0,"numTotalTests":14,"numPassedTests":4,"numFailedTests":10,"numPendingTests":0,"numTodoTests":0,"startTime":1756577113644,"success":false,"testResults":[{"assertionResults":[{"ancestorTitles":["","ProviderExecutor","constructor"],"fullName":" ProviderExecutor constructor should initialize with default options","status":"passed","title":"should initialize with default options","duration":8,"failureMessages":[]},{"ancestorTitles":["","ProviderExecutor","constructor"],"fullName":" ProviderExecutor constructor should accept custom options","status":"passed","title":"should accept custom options","duration":0,"failureMessages":[]},{"ancestorTitles":["","ProviderExecutor","execute"],"fullName":" ProviderExecutor execute should execute provider command using spawn","status":"failed","title":"should execute provider command using spawn","duration":10004,"failureMessages":["Test timed out in 10000ms.\nIf this is a long-running test, pass a timeout value as the last argument or configure it globally with \"testTimeout\"."]},{"ancestorTitles":["","ProviderExecutor","execute"],"fullName":" ProviderExecutor execute should not use shell execution to prevent injection","status":"failed","title":"should not use shell execution to prevent injection","duration":10002,"failureMessages":["Test timed out in 10000ms.\nIf this is a long-running test, pass a timeout value as the last argument or configure it globally with \"testTimeout\"."]},{"ancestorTitles":["","ProviderExecutor","execute"],"fullName":" ProviderExecutor execute should handle process errors properly","status":"passed","title":"should handle process errors properly","duration":2,"failureMessages":[]},{"ancestorTitles":["","ProviderExecutor","execute"],"fullName":" ProviderExecutor execute should handle non-zero exit codes","status":"failed","title":"should handle non-zero exit codes","duration":12,"failureMessages":["promise resolved \"{ exitCode: 1, stdout: '', …(2) }\" instead of rejecting"],"location":{"line":217,"column":35}},{"ancestorTitles":["","ProviderExecutor","execute"],"fullName":" ProviderExecutor execute should write stdin if provided","status":"failed","title":"should write stdin if provided","duration":10002,"failureMessages":["Test timed out in 10000ms.\nIf this is a long-running test, pass a timeout value as the last argument or configure it globally with \"testTimeout\"."]},{"ancestorTitles":["","ProviderExecutor","execute"],"fullName":" ProviderExecutor execute should save output to file if specified","status":"failed","title":"should save output to file if specified","duration":4,"failureMessages":["Cannot read properties of undefined (reading 'TOOL')"],"location":{"line":279,"column":30}},{"ancestorTitles":["","ProviderExecutor","execute"],"fullName":" ProviderExecutor execute should respect timeout settings","status":"failed","title":"should respect timeout settings","duration":10004,"failureMessages":["Test timed out in 10000ms.\nIf this is a long-running test, pass a timeout value as the last argument or configure it globally with \"testTimeout\"."]},{"ancestorTitles":["","ProviderExecutor","execute"],"fullName":" ProviderExecutor execute should handle dry-run mode","status":"failed","title":"should handle dry-run mode","duration":6,"failureMessages":["expected { Object (exitCode, stdout, ...) } to deeply equal { …(3) }"],"location":{"line":317,"column":22}},{"ancestorTitles":["","ProviderExecutor","execute"],"fullName":" ProviderExecutor execute should throw error if provider is disabled","status":"passed","title":"should throw error if provider is disabled","duration":1,"failureMessages":[]},{"ancestorTitles":["","ProviderExecutor","security"],"fullName":" ProviderExecutor security should pass environment variables from command builder","status":"failed","title":"should pass environment variables from command builder","duration":10001,"failureMessages":["Test timed out in 10000ms.\nIf this is a long-running test, pass a timeout value as the last argument or configure it globally with \"testTimeout\"."]},{"ancestorTitles":["","ProviderExecutor","security"],"fullName":" ProviderExecutor security should sanitize output file paths","status":"failed","title":"should sanitize output file paths","duration":10002,"failureMessages":["Test timed out in 10000ms.\nIf this is a long-running test, pass a timeout value as the last argument or configure it globally with \"testTimeout\"."]},{"ancestorTitles":["","ProviderExecutor","security"],"fullName":" ProviderExecutor security should filter sensitive environment variables","status":"failed","title":"should filter sensitive environment variables","duration":10002,"failureMessages":["Test timed out in 10000ms.\nIf this is a long-running test, pass a timeout value as the last argument or configure it globally with \"testTimeout\"."]}],"startTime":1756577113851,"endTime":1756577183901,"status":"failed","message":"","name":"/Users/case/projects/pyrepl3/.review-pipeline/tests/unit/provider-executor.test.js"}]}
